2026-02-02 16:15:17,682 - main - INFO - Initializing Password Manager Application...
2026-02-02 16:15:17,682 - main - INFO - Starting Advanced Password Manager...
2026-02-02 16:15:17,683 - main - INFO - Single instance check passed
2026-02-02 16:15:17,683 - main - INFO - Initializing crypto engine...
2026-02-02 16:15:17,693 - main - INFO - Initializing database engine...
2026-02-02 16:15:17,817 - main - INFO - Initializing thread manager...
2026-02-02 16:15:17,817 - main - INFO - Initializing clipboard manager...
2026-02-02 16:15:17,817 - main - INFO - Initializing session manager...
2026-02-02 16:15:17,817 - main - INFO - All components initialized successfully
2026-02-02 16:15:17,818 - main - INFO - Showing login window...
2026-02-02 16:15:18,441 - main - INFO - Entering main event loop...
2026-02-02 16:15:20,304 - main - INFO - Shutting down application...
2026-02-02 16:15:20,313 - main - INFO - Shutdown complete
2026-02-02 16:15:20,334 - main - INFO - Application exited normally
2026-02-02 16:16:24,717 - main - INFO - Initializing Password Manager Application...
2026-02-02 16:16:24,717 - main - INFO - Starting Advanced Password Manager...
2026-02-02 16:16:24,718 - main - INFO - Single instance check passed
2026-02-02 16:16:24,719 - main - INFO - Initializing crypto engine...
2026-02-02 16:16:24,728 - main - INFO - Initializing database engine...
2026-02-02 16:16:24,828 - main - INFO - Initializing thread manager...
2026-02-02 16:16:24,828 - main - INFO - Initializing clipboard manager...
2026-02-02 16:16:24,828 - main - INFO - Initializing session manager...
2026-02-02 16:16:24,828 - main - INFO - All components initialized successfully
2026-02-02 16:16:24,828 - main - INFO - Showing login window...
2026-02-02 16:16:25,405 - main - INFO - Entering main event loop...
2026-02-02 16:16:33,177 - ui.login_window - INFO - User rootguardian logged in successfully with role: admin
2026-02-02 16:16:33,193 - main - INFO - Login successful for user: rootguardian
2026-02-02 16:16:33,193 - main - INFO - Session manager state: SessionState.LOGGED_IN, session: <core.session_manager.Session object at 0x0000018F5EA17620>
2026-02-02 16:16:33,195 - main - INFO - Showing vault window...
2026-02-02 16:16:33,219 - ui.vault_window - INFO - Initializing VaultWindow...
2026-02-02 16:16:33,306 - ui.vault_window - INFO - Getting vault singleton...
2026-02-02 16:16:33,306 - ui.vault_window - INFO - Vault obtained: <core.vault.Vault object at 0x0000018F5EA17B60>
2026-02-02 16:16:33,307 - ui.vault_window - INFO - Getting session manager singleton...
2026-02-02 16:16:33,307 - ui.vault_window - INFO - Session manager obtained: <core.session_manager.SessionManager object at 0x0000018F5EA16660>
2026-02-02 16:16:33,307 - ui.vault_window - INFO - Getting clipboard manager singleton...
2026-02-02 16:16:33,308 - ui.vault_window - INFO - Clipboard manager obtained: <os_layer.clipboard_manager.ClipboardManager object at 0x0000018F5EA30910>
2026-02-02 16:16:33,308 - ui.vault_window - INFO - User role: admin
2026-02-02 16:16:33,308 - ui.vault_window - INFO - Admin user detected - showing admin dashboard
2026-02-02 16:16:33,426 - ui.admin_dashboard - INFO - Initializing Admin Dashboard...
2026-02-02 16:16:34,587 - ui.admin_dashboard - INFO - Admin Dashboard initialized
2026-02-02 16:17:37,744 - main - INFO - Application exited normally
2026-02-02 16:17:37,746 - main - INFO - Shutting down application...
2026-02-02 16:17:37,790 - main - INFO - Shutdown complete
2026-02-02 16:18:35,531 - main - INFO - Initializing Password Manager Application...
2026-02-02 16:18:35,532 - main - INFO - Starting Advanced Password Manager...
2026-02-02 16:18:35,533 - main - INFO - Single instance check passed
2026-02-02 16:18:35,533 - main - INFO - Initializing crypto engine...
2026-02-02 16:18:35,543 - main - INFO - Initializing database engine...
2026-02-02 16:18:35,649 - main - INFO - Initializing thread manager...
2026-02-02 16:18:35,649 - main - INFO - Initializing clipboard manager...
2026-02-02 16:18:35,649 - main - INFO - Initializing session manager...
2026-02-02 16:18:35,649 - main - INFO - All components initialized successfully
2026-02-02 16:18:35,649 - main - INFO - Showing login window...
2026-02-02 16:18:36,239 - main - INFO - Entering main event loop...
2026-02-02 16:18:44,880 - main - INFO - Shutting down application...
2026-02-02 16:18:44,896 - main - INFO - Shutdown complete
2026-02-02 16:18:44,917 - main - INFO - Application exited normally
2026-02-02 16:24:46,485 - main - INFO - Initializing Password Manager Application...
2026-02-02 16:24:46,485 - main - INFO - Starting Advanced Password Manager...
2026-02-02 16:24:46,486 - main - INFO - Single instance check passed
2026-02-02 16:24:46,486 - main - INFO - Initializing crypto engine...
2026-02-02 16:24:46,496 - main - INFO - Initializing database engine...
2026-02-02 16:24:46,610 - main - INFO - Initializing thread manager...
2026-02-02 16:24:46,610 - main - INFO - Initializing clipboard manager...
2026-02-02 16:24:46,610 - main - INFO - Initializing session manager...
2026-02-02 16:24:46,610 - main - INFO - All components initialized successfully
2026-02-02 16:24:46,611 - main - INFO - Showing login window...
2026-02-02 16:24:47,185 - main - INFO - Entering main event loop...
2026-02-02 16:25:04,840 - ui.login_window - INFO - User rootguardian logged in successfully with role: admin
2026-02-02 16:25:04,855 - main - INFO - Login successful for user: rootguardian
2026-02-02 16:25:04,856 - main - INFO - Session manager state: SessionState.LOGGED_IN, session: <core.session_manager.Session object at 0x00000285AB6A4AD0>
2026-02-02 16:25:04,857 - main - INFO - Showing vault window...
2026-02-02 16:25:04,870 - ui.vault_window - INFO - Initializing VaultWindow...
2026-02-02 16:25:04,965 - ui.vault_window - INFO - Getting vault singleton...
2026-02-02 16:25:04,965 - ui.vault_window - INFO - Vault obtained: <core.vault.Vault object at 0x00000285AB6A5010>
2026-02-02 16:25:04,966 - ui.vault_window - INFO - Getting session manager singleton...
2026-02-02 16:25:04,966 - ui.vault_window - INFO - Session manager obtained: <core.session_manager.SessionManager object at 0x00000285AB64BB60>
2026-02-02 16:25:04,966 - ui.vault_window - INFO - Getting clipboard manager singleton...
2026-02-02 16:25:04,966 - ui.vault_window - INFO - Clipboard manager obtained: <os_layer.clipboard_manager.ClipboardManager object at 0x00000285AB681E50>
2026-02-02 16:25:04,967 - ui.vault_window - INFO - User role: admin
2026-02-02 16:25:04,967 - ui.vault_window - INFO - Building vault UI...
2026-02-02 16:25:05,339 - ui.vault_window - INFO - Vault UI built successfully
2026-02-02 16:25:05,339 - ui.vault_window - INFO - Admin user detected - adding admin dashboard tab
2026-02-02 16:25:05,339 - main - ERROR - Error after login: 'VaultWindow' object has no attribute '_add_admin_dashboard_tab'
2026-02-02 16:25:13,848 - main - INFO - Showing login window...
2026-02-02 16:25:17,248 - main - INFO - Shutting down application...
2026-02-02 16:25:17,258 - main - INFO - Shutdown complete
2026-02-02 16:25:17,270 - main - INFO - Application exited normally
2026-02-02 16:25:46,775 - main - INFO - Initializing Password Manager Application...
2026-02-02 16:25:46,776 - main - INFO - Starting Advanced Password Manager...
2026-02-02 16:25:46,776 - main - INFO - Single instance check passed
2026-02-02 16:25:46,777 - main - INFO - Initializing crypto engine...
2026-02-02 16:25:46,783 - main - INFO - Initializing database engine...
2026-02-02 16:25:46,891 - main - INFO - Initializing thread manager...
2026-02-02 16:25:46,892 - main - INFO - Initializing clipboard manager...
2026-02-02 16:25:46,892 - main - INFO - Initializing session manager...
2026-02-02 16:25:46,892 - main - INFO - All components initialized successfully
2026-02-02 16:25:46,892 - main - INFO - Showing login window...
2026-02-02 16:25:47,493 - main - INFO - Entering main event loop...
2026-02-02 16:25:59,053 - ui.login_window - INFO - User rootguardian logged in successfully with role: admin
2026-02-02 16:25:59,068 - main - INFO - Login successful for user: rootguardian
2026-02-02 16:25:59,068 - main - INFO - Session manager state: SessionState.LOGGED_IN, session: <core.session_manager.Session object at 0x0000022E1F3C4C20>
2026-02-02 16:25:59,070 - main - INFO - Showing vault window...
2026-02-02 16:25:59,091 - ui.vault_window - INFO - Initializing VaultWindow...
2026-02-02 16:25:59,206 - ui.vault_window - INFO - Getting vault singleton...
2026-02-02 16:25:59,207 - ui.vault_window - INFO - Vault obtained: <core.vault.Vault object at 0x0000022E1F3C5160>
2026-02-02 16:25:59,207 - ui.vault_window - INFO - Getting session manager singleton...
2026-02-02 16:25:59,208 - ui.vault_window - INFO - Session manager obtained: <core.session_manager.SessionManager object at 0x0000022E1F3C4050>
2026-02-02 16:25:59,208 - ui.vault_window - INFO - Getting clipboard manager singleton...
2026-02-02 16:25:59,209 - ui.vault_window - INFO - Clipboard manager obtained: <os_layer.clipboard_manager.ClipboardManager object at 0x0000022E1F3A5D10>
2026-02-02 16:25:59,209 - ui.vault_window - INFO - User role: admin
2026-02-02 16:25:59,209 - ui.vault_window - INFO - Building vault UI...
2026-02-02 16:25:59,566 - ui.vault_window - INFO - Vault UI built successfully
2026-02-02 16:25:59,567 - ui.vault_window - INFO - Refreshing credentials...
2026-02-02 16:25:59,567 - ui.vault_window - INFO - Starting periodic updates...
2026-02-02 16:25:59,567 - ui.vault_window - INFO - VaultWindow initialization complete
2026-02-02 16:27:12,584 - main - INFO - Initializing Password Manager Application...
2026-02-02 16:27:12,584 - main - INFO - Starting Advanced Password Manager...
2026-02-02 16:27:12,609 - main - INFO - Single instance check passed
2026-02-02 16:27:12,609 - main - INFO - Initializing crypto engine...
2026-02-02 16:27:12,624 - main - INFO - Initializing database engine...
2026-02-02 16:27:12,763 - main - INFO - Initializing thread manager...
2026-02-02 16:27:12,763 - main - INFO - Initializing clipboard manager...
2026-02-02 16:27:12,763 - main - INFO - Initializing session manager...
2026-02-02 16:27:12,763 - main - INFO - All components initialized successfully
2026-02-02 16:27:12,763 - main - INFO - Showing login window...
2026-02-02 16:27:13,362 - main - INFO - Entering main event loop...
2026-02-02 16:29:00,654 - ui.login_window - INFO - New user registered: aayush (user_id=3)
2026-02-02 16:29:40,116 - ui.login_window - INFO - User aayush logged in successfully with role: user
2026-02-02 16:29:40,131 - main - INFO - Login successful for user: aayush
2026-02-02 16:29:40,131 - main - INFO - Session manager state: SessionState.LOGGED_IN, session: <core.session_manager.Session object at 0x000001C915220D70>
2026-02-02 16:29:40,134 - main - INFO - Showing vault window...
2026-02-02 16:29:40,153 - ui.vault_window - INFO - Initializing VaultWindow...
2026-02-02 16:29:40,242 - ui.vault_window - INFO - Getting vault singleton...
2026-02-02 16:29:40,242 - ui.vault_window - INFO - Vault obtained: <core.vault.Vault object at 0x000001C9152212B0>
2026-02-02 16:29:40,243 - ui.vault_window - INFO - Getting session manager singleton...
2026-02-02 16:29:40,243 - ui.vault_window - INFO - Session manager obtained: <core.session_manager.SessionManager object at 0x000001C9151C7B60>
2026-02-02 16:29:40,243 - ui.vault_window - INFO - Getting clipboard manager singleton...
2026-02-02 16:29:40,243 - ui.vault_window - INFO - Clipboard manager obtained: <os_layer.clipboard_manager.ClipboardManager object at 0x000001C915201E50>
2026-02-02 16:29:40,244 - ui.vault_window - INFO - User role: user
2026-02-02 16:29:40,244 - ui.vault_window - INFO - Building vault UI...
2026-02-02 16:29:40,406 - ui.vault_window - INFO - Vault UI built successfully
2026-02-02 16:29:40,407 - ui.vault_window - INFO - Refreshing credentials...
2026-02-02 16:29:40,407 - ui.vault_window - INFO - Starting periodic updates...
2026-02-02 16:29:40,408 - ui.vault_window - INFO - VaultWindow initialization complete
2026-02-02 16:30:00,975 - ui.vault_window - INFO - on_save called - site='facebook.com', user='faceboo.com', pwd_len=20
2026-02-02 16:30:00,988 - core.vault - INFO - Password added by user aayush: facebook.com/faceboo.com
2026-02-02 16:30:03,724 - ui.vault_window - INFO - Opening Advanced Security Panel...
2026-02-02 16:30:03,735 - ui.security_panel - INFO - Initializing Advanced Security Panel...
2026-02-02 16:30:03,910 - ui.security_panel - INFO - Loading security data...
2026-02-02 16:30:04,018 - ui.security_panel - INFO - Analyzing 1 credentials for password strength...
2026-02-02 16:30:04,029 - ui.security_panel - INFO - Security data loaded. Score: 100.0%
2026-02-02 16:30:04,030 - ui.security_panel - INFO - Advanced Security Panel initialized
2026-02-02 16:30:13,831 - main - INFO - User logged out
2026-02-02 16:30:13,835 - main - INFO - Showing login window...
2026-02-02 16:30:20,073 - ui.login_window - INFO - User root logged in successfully with role: admin
2026-02-02 16:30:20,088 - main - INFO - Login successful for user: root
2026-02-02 16:30:20,089 - main - INFO - Session manager state: SessionState.LOGGED_IN, session: <core.session_manager.Session object at 0x000001C915203250>
2026-02-02 16:30:20,091 - main - INFO - Showing vault window...
2026-02-02 16:30:20,116 - ui.vault_window - INFO - Initializing VaultWindow...
2026-02-02 16:30:20,231 - ui.vault_window - INFO - Getting vault singleton...
2026-02-02 16:30:20,231 - ui.vault_window - INFO - Vault obtained: <core.vault.Vault object at 0x000001C9152039D0>
2026-02-02 16:30:20,232 - ui.vault_window - INFO - Getting session manager singleton...
2026-02-02 16:30:20,232 - ui.vault_window - INFO - Session manager obtained: <core.session_manager.SessionManager object at 0x000001C9151C7B60>
2026-02-02 16:30:20,232 - ui.vault_window - INFO - Getting clipboard manager singleton...
2026-02-02 16:30:20,232 - ui.vault_window - INFO - Clipboard manager obtained: <os_layer.clipboard_manager.ClipboardManager object at 0x000001C915201E50>
2026-02-02 16:30:20,233 - ui.vault_window - INFO - User role: admin
2026-02-02 16:30:20,233 - ui.vault_window - INFO - Building vault UI...
2026-02-02 16:30:20,498 - ui.vault_window - INFO - Vault UI built successfully
2026-02-02 16:30:20,498 - ui.vault_window - INFO - Refreshing credentials...
2026-02-02 16:30:20,499 - ui.vault_window - INFO - Starting periodic updates...
2026-02-02 16:30:20,500 - ui.vault_window - INFO - VaultWindow initialization complete
2026-02-02 16:33:20,753 - main - INFO - Application exited normally
2026-02-02 16:33:20,755 - main - INFO - Shutting down application...
2026-02-02 16:33:20,783 - main - INFO - Shutdown complete
2026-02-02 16:33:33,287 - main - INFO - Initializing Password Manager Application...
2026-02-02 16:33:33,288 - main - INFO - Starting Advanced Password Manager...
2026-02-02 16:33:33,288 - main - INFO - Single instance check passed
2026-02-02 16:33:33,288 - main - INFO - Initializing crypto engine...
2026-02-02 16:33:33,294 - main - INFO - Initializing database engine...
2026-02-02 16:33:33,512 - main - INFO - Initializing thread manager...
2026-02-02 16:33:33,513 - main - INFO - Initializing clipboard manager...
2026-02-02 16:33:33,513 - main - INFO - Initializing session manager...
2026-02-02 16:33:33,513 - main - INFO - All components initialized successfully
2026-02-02 16:33:33,513 - main - INFO - Showing login window...
2026-02-02 16:33:34,146 - main - INFO - Entering main event loop...
2026-02-02 16:33:41,948 - ui.login_window - INFO - User rootguardian logged in successfully with role: admin
2026-02-02 16:33:41,962 - main - INFO - Login successful for user: rootguardian
2026-02-02 16:33:41,963 - main - INFO - Session manager state: SessionState.LOGGED_IN, session: <core.session_manager.Session object at 0x000001F708874C20>
2026-02-02 16:33:41,965 - main - INFO - Showing vault window...
2026-02-02 16:33:41,981 - ui.vault_window - INFO - Initializing VaultWindow...
2026-02-02 16:33:42,070 - ui.vault_window - INFO - Getting vault singleton...
2026-02-02 16:33:42,071 - ui.vault_window - INFO - Vault obtained: <core.vault.Vault object at 0x000001F708875160>
2026-02-02 16:33:42,071 - ui.vault_window - INFO - Getting session manager singleton...
2026-02-02 16:33:42,072 - ui.vault_window - INFO - Session manager obtained: <core.session_manager.SessionManager object at 0x000001F70881BB60>
2026-02-02 16:33:42,072 - ui.vault_window - INFO - Getting clipboard manager singleton...
2026-02-02 16:33:42,072 - ui.vault_window - INFO - Clipboard manager obtained: <os_layer.clipboard_manager.ClipboardManager object at 0x000001F708851E50>
2026-02-02 16:33:42,072 - ui.vault_window - INFO - User role: admin
2026-02-02 16:33:42,073 - ui.vault_window - INFO - Building vault UI...
2026-02-02 16:33:42,634 - ui.vault_window - INFO - Vault UI built successfully
2026-02-02 16:33:42,634 - ui.vault_window - INFO - Refreshing credentials...
2026-02-02 16:33:42,635 - ui.vault_window - INFO - Starting periodic updates...
2026-02-02 16:33:42,635 - ui.vault_window - INFO - VaultWindow initialization complete
2026-02-02 16:34:21,410 - main - INFO - Application exited normally
2026-02-02 16:34:21,411 - main - INFO - Shutting down application...
2026-02-02 16:34:21,445 - main - INFO - Shutdown complete
2026-02-02 16:34:26,827 - main - INFO - Initializing Password Manager Application...
2026-02-02 16:34:26,827 - main - INFO - Starting Advanced Password Manager...
2026-02-02 16:34:26,828 - main - INFO - Single instance check passed
2026-02-02 16:34:26,828 - main - INFO - Initializing crypto engine...
2026-02-02 16:34:26,834 - main - INFO - Initializing database engine...
2026-02-02 16:34:26,905 - main - INFO - Initializing thread manager...
2026-02-02 16:34:26,906 - main - INFO - Initializing clipboard manager...
2026-02-02 16:34:26,906 - main - INFO - Initializing session manager...
2026-02-02 16:34:26,906 - main - INFO - All components initialized successfully
2026-02-02 16:34:26,906 - main - INFO - Showing login window...
2026-02-02 16:34:27,528 - main - INFO - Entering main event loop...
2026-02-02 16:34:34,891 - ui.login_window - INFO - User root logged in successfully with role: admin
2026-02-02 16:34:34,907 - main - INFO - Login successful for user: root
2026-02-02 16:34:34,908 - main - INFO - Session manager state: SessionState.LOGGED_IN, session: <core.session_manager.Session object at 0x0000016F5A5B4C20>
2026-02-02 16:34:34,911 - main - INFO - Showing vault window...
2026-02-02 16:34:34,928 - ui.vault_window - INFO - Initializing VaultWindow...
2026-02-02 16:34:35,033 - ui.vault_window - INFO - Getting vault singleton...
2026-02-02 16:34:35,034 - ui.vault_window - INFO - Vault obtained: <core.vault.Vault object at 0x0000016F5A5B5160>
2026-02-02 16:34:35,035 - ui.vault_window - INFO - Getting session manager singleton...
2026-02-02 16:34:35,035 - ui.vault_window - INFO - Session manager obtained: <core.session_manager.SessionManager object at 0x0000016F5A55BB60>
2026-02-02 16:34:35,035 - ui.vault_window - INFO - Getting clipboard manager singleton...
2026-02-02 16:34:35,035 - ui.vault_window - INFO - Clipboard manager obtained: <os_layer.clipboard_manager.ClipboardManager object at 0x0000016F5A591E50>
2026-02-02 16:34:35,036 - ui.vault_window - INFO - User role: admin
2026-02-02 16:34:35,036 - ui.vault_window - INFO - Building vault UI...
2026-02-02 16:34:35,475 - ui.vault_window - INFO - Vault UI built successfully
2026-02-02 16:34:35,476 - ui.vault_window - INFO - Refreshing credentials...
2026-02-02 16:34:35,478 - ui.vault_window - INFO - Starting periodic updates...
2026-02-02 16:34:35,478 - ui.vault_window - INFO - VaultWindow initialization complete
2026-02-02 16:35:58,502 - main - INFO - Initializing Password Manager Application...
2026-02-02 16:35:58,502 - main - INFO - Starting Advanced Password Manager...
2026-02-02 16:35:58,503 - main - INFO - Single instance check passed
2026-02-02 16:35:58,503 - main - INFO - Initializing crypto engine...
2026-02-02 16:35:58,512 - main - INFO - Initializing database engine...
2026-02-02 16:35:58,591 - main - INFO - Initializing thread manager...
2026-02-02 16:35:58,591 - main - INFO - Initializing clipboard manager...
2026-02-02 16:35:58,591 - main - INFO - Initializing session manager...
2026-02-02 16:35:58,591 - main - INFO - All components initialized successfully
2026-02-02 16:35:58,592 - main - INFO - Showing login window...
2026-02-02 16:35:59,143 - main - INFO - Entering main event loop...
2026-02-02 16:36:04,481 - ui.login_window - INFO - User root logged in successfully with role: admin
2026-02-02 16:36:04,497 - main - INFO - Login successful for user: root
2026-02-02 16:36:04,498 - main - INFO - Session manager state: SessionState.LOGGED_IN, session: <core.session_manager.Session object at 0x00000207F12F4C20>
2026-02-02 16:36:04,499 - main - INFO - Showing vault window...
2026-02-02 16:36:04,521 - ui.vault_window - INFO - Initializing VaultWindow...
2026-02-02 16:36:04,624 - ui.vault_window - INFO - Getting vault singleton...
2026-02-02 16:36:04,624 - ui.vault_window - INFO - Vault obtained: <core.vault.Vault object at 0x00000207F12F5160>
2026-02-02 16:36:04,624 - ui.vault_window - INFO - Getting session manager singleton...
2026-02-02 16:36:04,625 - ui.vault_window - INFO - Session manager obtained: <core.session_manager.SessionManager object at 0x00000207F1297B60>
2026-02-02 16:36:04,625 - ui.vault_window - INFO - Getting clipboard manager singleton...
2026-02-02 16:36:04,625 - ui.vault_window - INFO - Clipboard manager obtained: <os_layer.clipboard_manager.ClipboardManager object at 0x00000207F12D1E50>
2026-02-02 16:36:04,626 - ui.vault_window - INFO - User role: admin
2026-02-02 16:36:04,626 - ui.vault_window - INFO - Building vault UI...
2026-02-02 16:36:05,104 - ui.vault_window - INFO - Vault UI built successfully
2026-02-02 16:36:05,105 - ui.vault_window - INFO - Refreshing credentials...
2026-02-02 16:36:05,106 - ui.vault_window - INFO - Starting periodic updates...
2026-02-02 16:36:05,107 - ui.vault_window - INFO - VaultWindow initialization complete
2026-02-02 16:36:58,135 - ui.vault_window - INFO - on_save called - site='vault ', user='root', pwd_len=9
2026-02-02 16:36:58,148 - core.vault - INFO - Password added by user root: vault /root
2026-02-02 16:37:00,878 - main - INFO - Application exited normally
2026-02-02 16:37:00,880 - main - INFO - Shutting down application...
2026-02-02 16:37:00,914 - main - INFO - Shutdown complete
2026-02-02 17:12:09,497 - main - INFO - Initializing Password Manager Application...
2026-02-02 17:12:09,497 - main - INFO - Starting Advanced Password Manager...
2026-02-02 17:12:09,498 - main - INFO - Single instance check passed
2026-02-02 17:12:09,499 - main - INFO - Initializing crypto engine...
2026-02-02 17:12:09,509 - main - INFO - Initializing database engine...
2026-02-02 17:12:09,629 - main - INFO - Initializing thread manager...
2026-02-02 17:12:09,629 - main - INFO - Initializing clipboard manager...
2026-02-02 17:12:09,629 - main - INFO - Initializing session manager...
2026-02-02 17:12:09,629 - main - INFO - All components initialized successfully
2026-02-02 17:12:09,630 - main - INFO - Showing login window...
2026-02-02 17:12:10,777 - main - INFO - Entering main event loop...
2026-02-02 17:12:14,091 - main - INFO - Shutting down application...
2026-02-02 17:12:14,119 - main - INFO - Shutdown complete
2026-02-02 17:12:14,163 - main - INFO - Application exited normally
2026-02-02 17:25:52,602 - main - INFO - Initializing Password Manager Application...
2026-02-02 17:25:52,602 - main - INFO - Starting Advanced Password Manager...
2026-02-02 17:25:52,603 - main - INFO - Single instance check passed
2026-02-02 17:25:52,603 - main - INFO - Initializing crypto engine...
2026-02-02 17:25:52,609 - main - INFO - Initializing database engine...
2026-02-02 17:25:52,735 - main - INFO - Initializing thread manager...
2026-02-02 17:25:52,735 - main - INFO - Initializing clipboard manager...
2026-02-02 17:25:52,735 - main - INFO - Initializing session manager...
2026-02-02 17:25:52,735 - main - INFO - All components initialized successfully
2026-02-02 17:25:52,735 - main - INFO - Showing login window...
2026-02-02 17:25:53,251 - main - INFO - Entering main event loop...
2026-02-02 17:25:58,385 - ui.login_window - INFO - User root logged in successfully with role: admin
2026-02-02 17:25:58,403 - main - INFO - Login successful for user: root
2026-02-02 17:25:58,403 - main - INFO - Session manager state: SessionState.LOGGED_IN, session: <core.session_manager.Session object at 0x0000020DD31E8C20>
2026-02-02 17:25:58,413 - main - INFO - Showing vault window...
2026-02-02 17:25:58,435 - ui.vault_window - INFO - Initializing VaultWindow...
2026-02-02 17:25:58,525 - ui.vault_window - INFO - Getting vault singleton...
2026-02-02 17:25:58,526 - ui.vault_window - INFO - Vault obtained: <core.vault.Vault object at 0x0000020DD31E9160>
2026-02-02 17:25:58,527 - ui.vault_window - INFO - Getting session manager singleton...
2026-02-02 17:25:58,528 - ui.vault_window - INFO - Session manager obtained: <core.session_manager.SessionManager object at 0x0000020DD318BB60>
2026-02-02 17:25:58,529 - ui.vault_window - INFO - Getting clipboard manager singleton...
2026-02-02 17:25:58,530 - ui.vault_window - INFO - Clipboard manager obtained: <os_layer.clipboard_manager.ClipboardManager object at 0x0000020DD31C2490>
2026-02-02 17:25:58,530 - ui.vault_window - INFO - User role: admin
2026-02-02 17:25:58,531 - ui.vault_window - INFO - Building vault UI...
2026-02-02 17:25:59,041 - ui.vault_window - INFO - Vault UI built successfully
2026-02-02 17:25:59,041 - ui.vault_window - INFO - Refreshing credentials...
2026-02-02 17:25:59,042 - ui.vault_window - INFO - Starting periodic updates...
2026-02-02 17:25:59,043 - ui.vault_window - INFO - VaultWindow initialization complete
2026-02-02 17:26:05,327 - main - INFO - Application exited normally
2026-02-02 17:26:05,328 - main - INFO - Shutting down application...
2026-02-02 17:26:05,363 - main - INFO - Shutdown complete
2026-02-02 21:22:25,086 - main - INFO - Initializing Password Manager Application...
2026-02-02 21:22:25,087 - main - INFO - Starting Advanced Password Manager...
2026-02-02 21:22:25,088 - main - INFO - Single instance check passed
2026-02-02 21:22:25,088 - main - INFO - Initializing crypto engine...
2026-02-02 21:22:25,101 - main - INFO - Initializing database engine...
2026-02-02 21:22:25,284 - main - INFO - Initializing thread manager...
2026-02-02 21:22:25,285 - main - INFO - Initializing clipboard manager...
2026-02-02 21:22:25,285 - main - INFO - Initializing session manager...
2026-02-02 21:22:25,285 - main - INFO - All components initialized successfully
2026-02-02 21:22:25,286 - main - INFO - Showing login window...
2026-02-02 21:22:25,965 - main - INFO - Entering main event loop...
2026-02-02 21:22:32,464 - ui.login_window - INFO - User root logged in successfully with role: admin
2026-02-02 21:22:32,486 - main - INFO - Login successful for user: root
2026-02-02 21:22:32,486 - main - INFO - Session manager state: SessionState.LOGGED_IN, session: <core.session_manager.Session object at 0x0000028951825010>
2026-02-02 21:22:32,491 - main - INFO - Showing vault window...
2026-02-02 21:22:32,535 - ui.vault_window - INFO - Initializing VaultWindow...
2026-02-02 21:22:32,665 - ui.vault_window - INFO - Getting vault singleton...
2026-02-02 21:22:32,665 - ui.vault_window - INFO - Vault obtained: <core.vault.Vault object at 0x0000028951825550>
2026-02-02 21:22:32,666 - ui.vault_window - INFO - Getting session manager singleton...
2026-02-02 21:22:32,666 - ui.vault_window - INFO - Session manager obtained: <core.session_manager.SessionManager object at 0x00000289518242F0>
2026-02-02 21:22:32,666 - ui.vault_window - INFO - Getting clipboard manager singleton...
2026-02-02 21:22:32,667 - ui.vault_window - INFO - Clipboard manager obtained: <os_layer.clipboard_manager.ClipboardManager object at 0x000002895180A5D0>
2026-02-02 21:22:32,667 - ui.vault_window - INFO - User role: admin
2026-02-02 21:22:32,667 - ui.vault_window - INFO - Building vault UI...
2026-02-02 21:22:33,302 - ui.vault_window - INFO - Vault UI built successfully
2026-02-02 21:22:33,303 - ui.vault_window - INFO - Refreshing credentials...
2026-02-02 21:22:33,304 - ui.vault_window - INFO - Starting periodic updates...
2026-02-02 21:22:33,306 - ui.vault_window - INFO - VaultWindow initialization complete
2026-02-02 21:22:50,695 - main - INFO - Application exited normally
2026-02-02 21:22:50,698 - main - INFO - Shutting down application...
2026-02-02 21:22:50,801 - main - INFO - Shutdown complete
2026-02-02 21:24:18,329 - main - INFO - Initializing Password Manager Application...
2026-02-02 21:24:18,330 - main - INFO - Starting Advanced Password Manager...
2026-02-02 21:24:18,332 - main - INFO - Single instance check passed
2026-02-02 21:24:18,332 - main - INFO - Initializing crypto engine...
2026-02-02 21:24:18,351 - main - INFO - Initializing database engine...
2026-02-02 21:24:18,500 - main - INFO - Initializing thread manager...
2026-02-02 21:24:18,501 - main - INFO - Initializing clipboard manager...
2026-02-02 21:24:18,501 - main - INFO - Initializing session manager...
2026-02-02 21:24:18,501 - main - INFO - All components initialized successfully
2026-02-02 21:24:18,502 - main - INFO - Showing login window...
2026-02-02 21:24:19,201 - main - INFO - Entering main event loop...
2026-02-02 21:24:23,654 - ui.login_window - INFO - User root logged in successfully with role: admin
2026-02-02 21:24:23,677 - main - INFO - Login successful for user: root
2026-02-02 21:24:23,677 - main - INFO - Session manager state: SessionState.LOGGED_IN, session: <core.session_manager.Session object at 0x00000205FE8BC980>
2026-02-02 21:24:23,682 - main - INFO - Showing vault window...
2026-02-02 21:24:23,707 - ui.vault_window - INFO - Initializing VaultWindow...
2026-02-02 21:24:23,804 - ui.vault_window - INFO - Getting vault singleton...
2026-02-02 21:24:23,804 - ui.vault_window - INFO - Vault obtained: <core.vault.Vault object at 0x00000205FE8BCEC0>
2026-02-02 21:24:23,805 - ui.vault_window - INFO - Getting session manager singleton...
2026-02-02 21:24:23,805 - ui.vault_window - INFO - Session manager obtained: <core.session_manager.SessionManager object at 0x00000205FE8938C0>
2026-02-02 21:24:23,805 - ui.vault_window - INFO - Getting clipboard manager singleton...
2026-02-02 21:24:23,806 - ui.vault_window - INFO - Clipboard manager obtained: <os_layer.clipboard_manager.ClipboardManager object at 0x00000205FE899F90>
2026-02-02 21:24:23,806 - ui.vault_window - INFO - User role: admin
2026-02-02 21:24:23,806 - ui.vault_window - INFO - Building vault UI...
2026-02-02 21:24:24,366 - ui.vault_window - INFO - Vault UI built successfully
2026-02-02 21:24:24,366 - ui.vault_window - INFO - Refreshing credentials...
2026-02-02 21:24:24,367 - ui.vault_window - INFO - Starting periodic updates...
2026-02-02 21:24:24,368 - ui.vault_window - INFO - VaultWindow initialization complete
2026-02-02 21:24:34,692 - ui.vault_window - INFO - on_save called - site='fsdjfh', user='fshdjfhsjdfh', pwd_len=6
2026-02-02 21:24:34,716 - core.vault - INFO - Password added by user root: fsdjfh/fshdjfhsjdfh
2026-02-02 21:24:40,056 - core.vault - INFO - Password deleted by user root: fsdjfh/fshdjfhsjdfh (credential_id=5)
2026-02-02 21:24:42,194 - main - INFO - Application exited normally
2026-02-02 21:24:42,195 - main - INFO - Shutting down application...
2026-02-02 21:24:42,269 - main - INFO - Shutdown complete
2026-02-03 13:06:14,257 - main - INFO - Initializing Password Manager Application...
2026-02-03 13:06:14,257 - main - INFO - Starting Advanced Password Manager...
2026-02-03 13:06:14,259 - main - INFO - Single instance check passed
2026-02-03 13:06:14,259 - main - INFO - Initializing crypto engine...
2026-02-03 13:06:14,279 - main - INFO - Initializing database engine...
2026-02-03 13:06:14,714 - main - INFO - Initializing thread manager...
2026-02-03 13:06:14,714 - main - INFO - Initializing clipboard manager...
2026-02-03 13:06:14,714 - main - INFO - Initializing session manager...
2026-02-03 13:06:14,715 - main - INFO - All components initialized successfully
2026-02-03 13:06:14,715 - main - INFO - Showing login window...
2026-02-03 13:06:16,484 - main - INFO - Entering main event loop...
2026-02-03 13:06:21,327 - ui.loginWindow - INFO - User root logged in successfully with role: admin
2026-02-03 13:06:21,353 - main - INFO - Login successful for user: root
2026-02-03 13:06:21,353 - main - INFO - Session manager state: SessionState.LOGGED_IN, session: <core.sessionManager.Session object at 0x000002020D3FCAD0>
2026-02-03 13:06:21,367 - main - INFO - Showing vault window...
2026-02-03 13:06:21,397 - ui.vaultWindow - INFO - Initializing VaultWindow...
2026-02-03 13:06:21,489 - ui.vaultWindow - INFO - Getting vault singleton...
2026-02-03 13:06:21,490 - ui.vaultWindow - INFO - Vault obtained: <core.vault.Vault object at 0x000002020D3FD010>
2026-02-03 13:06:21,490 - ui.vaultWindow - INFO - Getting session manager singleton...
2026-02-03 13:06:21,490 - ui.vaultWindow - INFO - Session manager obtained: <core.sessionManager.SessionManager object at 0x000002020D3D3A10>
2026-02-03 13:06:21,491 - ui.vaultWindow - INFO - Getting clipboard manager singleton...
2026-02-03 13:06:21,491 - ui.vaultWindow - INFO - Clipboard manager obtained: <os_layer.clipboardManager.ClipboardManager object at 0x000002020D3D9F90>
2026-02-03 13:06:21,491 - ui.vaultWindow - INFO - User role: admin
2026-02-03 13:06:21,491 - ui.vaultWindow - INFO - Building vault UI...
2026-02-03 13:06:21,991 - ui.vaultWindow - INFO - Vault UI built successfully
2026-02-03 13:06:21,992 - ui.vaultWindow - INFO - Refreshing credentials...
2026-02-03 13:06:21,992 - ui.vaultWindow - INFO - Starting periodic updates...
2026-02-03 13:06:21,993 - ui.vaultWindow - INFO - VaultWindow initialization complete
2026-02-03 13:06:38,493 - main - INFO - User logged out
2026-02-03 13:06:38,509 - main - INFO - Showing login window...
2026-02-03 13:06:47,789 - ui.loginWindow - INFO - User rootguardian logged in successfully with role: user
2026-02-03 13:06:47,814 - main - INFO - Login successful for user: rootguardian
2026-02-03 13:06:47,815 - main - INFO - Session manager state: SessionState.LOGGED_IN, session: <core.sessionManager.Session object at 0x000002020D3DAAD0>
2026-02-03 13:06:47,820 - main - INFO - Showing vault window...
2026-02-03 13:06:47,871 - ui.vaultWindow - INFO - Initializing VaultWindow...
2026-02-03 13:06:47,963 - ui.vaultWindow - INFO - Getting vault singleton...
2026-02-03 13:06:47,963 - ui.vaultWindow - INFO - Vault obtained: <core.vault.Vault object at 0x000002020D3DA0D0>
2026-02-03 13:06:47,964 - ui.vaultWindow - INFO - Getting session manager singleton...
2026-02-03 13:06:47,964 - ui.vaultWindow - INFO - Session manager obtained: <core.sessionManager.SessionManager object at 0x000002020D3D3A10>
2026-02-03 13:06:47,964 - ui.vaultWindow - INFO - Getting clipboard manager singleton...
2026-02-03 13:06:47,964 - ui.vaultWindow - INFO - Clipboard manager obtained: <os_layer.clipboardManager.ClipboardManager object at 0x000002020D3D9F90>
2026-02-03 13:06:47,965 - ui.vaultWindow - INFO - User role: user
2026-02-03 13:06:47,965 - ui.vaultWindow - INFO - Building vault UI...
2026-02-03 13:06:48,003 - ui.vaultWindow - INFO - Vault UI built successfully
2026-02-03 13:06:48,003 - ui.vaultWindow - INFO - Refreshing credentials...
2026-02-03 13:06:48,004 - ui.vaultWindow - INFO - Starting periodic updates...
2026-02-03 13:06:48,005 - ui.vaultWindow - INFO - VaultWindow initialization complete
2026-02-03 13:06:57,204 - main - INFO - User logged out
2026-02-03 13:06:57,232 - main - INFO - Showing login window...
2026-02-03 13:07:01,252 - ui.loginWindow - INFO - User root logged in successfully with role: admin
2026-02-03 13:07:01,283 - main - INFO - Login successful for user: root
2026-02-03 13:07:01,284 - main - INFO - Session manager state: SessionState.LOGGED_IN, session: <core.sessionManager.Session object at 0x000002020D3DB4D0>
2026-02-03 13:07:01,290 - main - INFO - Showing vault window...
2026-02-03 13:07:01,366 - ui.vaultWindow - INFO - Initializing VaultWindow...
2026-02-03 13:07:01,497 - ui.vaultWindow - INFO - Getting vault singleton...
2026-02-03 13:07:01,497 - ui.vaultWindow - INFO - Vault obtained: <core.vault.Vault object at 0x000002020D3DAC10>
2026-02-03 13:07:01,497 - ui.vaultWindow - INFO - Getting session manager singleton...
2026-02-03 13:07:01,498 - ui.vaultWindow - INFO - Session manager obtained: <core.sessionManager.SessionManager object at 0x000002020D3D3A10>
2026-02-03 13:07:01,498 - ui.vaultWindow - INFO - Getting clipboard manager singleton...
2026-02-03 13:07:01,498 - ui.vaultWindow - INFO - Clipboard manager obtained: <os_layer.clipboardManager.ClipboardManager object at 0x000002020D3D9F90>
2026-02-03 13:07:01,499 - ui.vaultWindow - INFO - User role: admin
2026-02-03 13:07:01,499 - ui.vaultWindow - INFO - Building vault UI...
2026-02-03 13:07:01,648 - ui.vaultWindow - INFO - Vault UI built successfully
2026-02-03 13:07:01,648 - ui.vaultWindow - INFO - Refreshing credentials...
2026-02-03 13:07:01,650 - ui.vaultWindow - INFO - Starting periodic updates...
2026-02-03 13:07:01,650 - ui.vaultWindow - INFO - VaultWindow initialization complete
2026-02-03 13:09:41,650 - main - INFO - Shutting down application...
2026-02-03 13:09:41,678 - main - INFO - Shutdown complete
